Flutter crash report.
Please report a bug at https://github.com/flutter/flutter/issues.

## command

flutter pub upgrade

## exception

PathAccessException: PathAccessException: Creation failed, path = '/home/torrefacto/OxiCloud/oxicloud_desktop_client/android/app/src/main/java' (OS Error: Permission denied, errno = 13)

```
#0      _checkForErrorResponse (dart:io/common.dart:58:9)
#1      _Directory.create.<anonymous closure> (dart:io/directory_impl.dart:131:9)
#2      _rootRunUnary (dart:async/zone.dart:1538:47)
#3      _CustomZone.runUnary (dart:async/zone.dart:1429:19)
<asynchronous suspension>
#4      _Directory.create.<anonymous closure>.<anonymous closure> (dart:io/directory_impl.dart:119:54)
<asynchronous suspension>
#5      _Directory.create.<anonymous closure>.<anonymous closure> (dart:io/directory_impl.dart:119:54)
<asynchronous suspension>
#6      _Directory.create.<anonymous closure>.<anonymous closure> (dart:io/directory_impl.dart:119:54)
<asynchronous suspension>
#7      _File.create.<anonymous closure> (dart:io/file_impl.dart:310:11)
<asynchronous suspension>
#8      _File.create.<anonymous closure> (dart:io/file_impl.dart:316:15)
<asynchronous suspension>
#9      ForwardingFile.create (package:file/src/forwarding/forwarding_file.dart:20:12)
<asynchronous suspension>
#10     ForwardingFile.create (package:file/src/forwarding/forwarding_file.dart:20:12)
<asynchronous suspension>
#11     _renderTemplateToFile (package:flutter_tools/src/flutter_plugins.dart:40:3)
<asynchronous suspension>
#12     _writeAndroidPluginRegistrant (package:flutter_tools/src/flutter_plugins.dart:404:3)
<asynchronous suspension>
#13     injectPlugins (package:flutter_tools/src/flutter_plugins.dart:1235:5)
<asynchronous suspension>
#14     FlutterProject.ensureReadyForPlatformSpecificTooling (package:flutter_tools/src/project.dart:387:5)
<asynchronous suspension>
#15     PackagesGetCommand.runCommand (package:flutter_tools/src/commands/packages.dart:388:7)
<asynchronous suspension>
#16     FlutterCommand.run.<anonymous closure> (package:flutter_tools/src/runner/flutter_command.dart:1558:27)
<asynchronous suspension>
#17     AppContext.run.<anonymous closure> (package:flutter_tools/src/base/context.dart:154:19)
<asynchronous suspension>
#18     CommandRunner.runCommand (package:args/command_runner.dart:212:13)
<asynchronous suspension>
#19     FlutterCommandRunner.runCommand.<anonymous closure> (package:flutter_tools/src/runner/flutter_command_runner.dart:496:9)
<asynchronous suspension>
#20     AppContext.run.<anonymous closure> (package:flutter_tools/src/base/context.dart:154:19)
<asynchronous suspension>
#21     FlutterCommandRunner.runCommand (package:flutter_tools/src/runner/flutter_command_runner.dart:431:5)
<asynchronous suspension>
#22     run.<anonymous closure>.<anonymous closure> (package:flutter_tools/runner.dart:98:11)
<asynchronous suspension>
#23     AppContext.run.<anonymous closure> (package:flutter_tools/src/base/context.dart:154:19)
<asynchronous suspension>
#24     main (package:flutter_tools/executable.dart:99:3)
<asynchronous suspension>
```

## flutter doctor

```
[32m[✓][39m Flutter (Channel stable, 3.29.3, on Ubuntu 24.04.2 LTS 5.10.16.3-microsoft-standard-WSL2, locale C.UTF-8) [26ms]
    [32m•[39m Flutter version 3.29.3 on channel stable at /home/torrefacto/flutter
    [32m•[39m Upstream repository https://github.com/flutter/flutter.git
    [32m•[39m Framework revision ea121f8859 (2 weeks ago), 2025-04-11 19:10:07 +0000
    [32m•[39m Engine revision cf56914b32
    [32m•[39m Dart version 3.7.2
    [32m•[39m DevTools version 2.42.3

[31m[✗][39m Android toolchain - develop for Android devices [15ms]
    [31m✗[39m Unable to locate Android SDK.
      Install Android Studio from: https://developer.android.com/studio/index.html
      On first launch it will assist you in installing the Android SDK components.
      (or visit https://flutter.dev/to/linux-android-setup for detailed instructions).
      If the Android SDK has been installed to a custom location, please use
      `flutter config --android-sdk` to update to that location.


[32m[✓][39m Chrome - develop for the web [8ms]
    [32m•[39m Chrome at google-chrome

[32m[✓][39m Linux toolchain - develop for Linux desktop [95ms]
    [32m•[39m Ubuntu clang version 18.1.3 (1ubuntu1)
    [32m•[39m cmake version 3.28.3
    [32m•[39m ninja version 1.11.1
    [32m•[39m pkg-config version 1.8.1

[33m[!][39m Android Studio (not installed) [5ms]
    [32m•[39m Android Studio not found; download from https://developer.android.com/studio/index.html
      (or visit https://flutter.dev/to/linux-android-setup for detailed instructions).

[32m[✓][39m Connected device (2 available) [91ms]
    [32m•[39m Linux (desktop) • linux  • linux-x64      • Ubuntu 24.04.2 LTS 5.10.16.3-microsoft-standard-WSL2
    [32m•[39m Chrome (web)    • chrome • web-javascript • Google Chrome 135.0.7049.95

[32m[✓][39m Network resources [264ms]
    [32m•[39m All expected network resources are available.

[33m![39m Doctor found issues in 2 categories.
```
